/*C3*/SET SCHEMA PUBLIC
alter table GROUP_LECTURERS drop constraint FKsejyylcoibyoset3d7sws9y2h
alter table GROUP_LECTURERS drop constraint FKe2qhp30had8al5ego8ij63u4t
alter table GROUP_STUDENTS drop constraint FK405xcgbkgo89w02gy4m3d8747
alter table GROUP_STUDENTS drop constraint FKrki02eadnb16p68h2m2h0pnvh
alter table GROUPS drop constraint FKhwpnlde9iramd18mdsng66n76
drop table COURSES if exists
drop table GROUP_LECTURERS if exists
drop table GROUP_STUDENTS if exists
drop table GROUPS if exists
drop table USER if exists
create table COURSES (ID integer generated by default as identity (start with 1), code varchar(255), ects integer, faculty varchar(255), NAME varchar(255), places integer, sylabus varchar(255), primary key (ID))
create table GROUP_LECTURERS (group_id integer not null, lecturer_id integer not null, primary key (lecturer_id, group_id))
create table GROUP_STUDENTS (student_id integer not null, group_id integer not null, primary key (student_id, group_id))
create table GROUPS (ID integer generated by default as identity (start with 1), number integer, time varchar(255), tutor varchar(255), type varchar(255), COURSE integer not null, primary key (ID))
create table USER (USER_TYPE varchar(31) not null, ID integer generated by default as identity (start with 1), NAME varchar(255), PASSWORD varchar(255), primary key (ID))
alter table GROUP_LECTURERS add constraint FKsejyylcoibyoset3d7sws9y2h foreign key (lecturer_id) references USER
alter table GROUP_LECTURERS add constraint FKe2qhp30had8al5ego8ij63u4t foreign key (group_id) references GROUPS
alter table GROUP_STUDENTS add constraint FK405xcgbkgo89w02gy4m3d8747 foreign key (group_id) references GROUPS
alter table GROUP_STUDENTS add constraint FKrki02eadnb16p68h2m2h0pnvh foreign key (student_id) references USER
alter table GROUPS add constraint FKhwpnlde9iramd18mdsng66n76 foreign key (COURSE) references COURSES
INSERT INTO USER VALUES('STUDENT',1,'a','a')
COMMIT
