/*C3*/SET SCHEMA PUBLIC
drop table COURSES if exists
drop table GROUP_STUDENTS if exists
drop table GROUPS if exists
drop table STUDENT if exists
create table COURSES (ID integer generated by default as identity (start with 1), abundance integer, ects integer, NAME varchar(255), sylabus varchar(255), primary key (ID))
create table GROUPS (ID integer generated by default as identity (start with 1), NAME varchar(255), COURSE integer not null, primary key (ID))
create table STUDENT (ID integer generated by default as identity (start with 1), NAME varchar(255), PASSWORD varchar(255), primary key (ID))
alter table GROUPS add constraint FKhwpnlde9iramd18mdsng66n76 foreign key (COURSE) references COURSES
DISCONNECT
/*C4*/SET SCHEMA PUBLIC
alter table GROUPS drop constraint FKhwpnlde9iramd18mdsng66n76
drop table COURSES if exists
drop table GROUP_STUDENTS if exists
drop table GROUPS if exists
drop table STUDENT if exists
create table COURSES (ID integer generated by default as identity (start with 1), abundance integer, ects integer, NAME varchar(255), sylabus varchar(255), primary key (ID))
create table GROUPS (ID integer generated by default as identity (start with 1), NAME varchar(255), COURSE integer not null, primary key (ID))
create table STUDENT (ID integer generated by default as identity (start with 1), NAME varchar(255), PASSWORD varchar(255), primary key (ID))
alter table GROUPS add constraint FKhwpnlde9iramd18mdsng66n76 foreign key (COURSE) references COURSES
INSERT INTO STUDENT VALUES(1,'a','a')
COMMIT
DISCONNECT
/*C5*/SET SCHEMA PUBLIC
alter table GROUPS drop constraint FKhwpnlde9iramd18mdsng66n76
drop table COURSES if exists
drop table GROUP_STUDENTS if exists
drop table GROUPS if exists
drop table STUDENT if exists
create table COURSES (ID integer generated by default as identity (start with 1), abundance integer, ects integer, NAME varchar(255), sylabus varchar(255), primary key (ID))
create table GROUPS (ID integer generated by default as identity (start with 1), NAME varchar(255), COURSE integer not null, primary key (ID))
create table STUDENT (ID integer generated by default as identity (start with 1), NAME varchar(255), PASSWORD varchar(255), primary key (ID))
alter table GROUPS add constraint FKhwpnlde9iramd18mdsng66n76 foreign key (COURSE) references COURSES
DISCONNECT
/*C6*/SET SCHEMA PUBLIC
alter table GROUPS drop constraint FKhwpnlde9iramd18mdsng66n76
drop table COURSES if exists
drop table GROUP_STUDENTS if exists
drop table GROUPS if exists
drop table STUDENT if exists
create table COURSES (ID integer generated by default as identity (start with 1), abundance integer, ects integer, NAME varchar(255), sylabus varchar(255), primary key (ID))
create table GROUPS (ID integer generated by default as identity (start with 1), NAME varchar(255), COURSE integer not null, primary key (ID))
create table STUDENT (ID integer generated by default as identity (start with 1), NAME varchar(255), PASSWORD varchar(255), primary key (ID))
alter table GROUPS add constraint FKhwpnlde9iramd18mdsng66n76 foreign key (COURSE) references COURSES
DISCONNECT
/*C7*/SET SCHEMA PUBLIC
alter table GROUPS drop constraint FKhwpnlde9iramd18mdsng66n76
drop table COURSES if exists
drop table GROUP_STUDENTS if exists
drop table GROUPS if exists
drop table STUDENT if exists
create table COURSES (ID integer generated by default as identity (start with 1), abundance integer, ects integer, NAME varchar(255), sylabus varchar(255), primary key (ID))
create table GROUPS (ID integer generated by default as identity (start with 1), NAME varchar(255), COURSE integer not null, primary key (ID))
create table STUDENT (ID integer generated by default as identity (start with 1), NAME varchar(255), PASSWORD varchar(255), primary key (ID))
alter table GROUPS add constraint FKhwpnlde9iramd18mdsng66n76 foreign key (COURSE) references COURSES
INSERT INTO STUDENT VALUES(1,'a','a')
COMMIT
DISCONNECT
/*C8*/SET SCHEMA PUBLIC
alter table GROUPS drop constraint FKhwpnlde9iramd18mdsng66n76
drop table COURSES if exists
drop table GROUP_STUDENTS if exists
drop table GROUPS if exists
drop table STUDENT if exists
create table COURSES (ID integer generated by default as identity (start with 1), abundance integer, ects integer, NAME varchar(255), sylabus varchar(255), primary key (ID))
create table GROUPS (ID integer generated by default as identity (start with 1), NAME varchar(255), COURSE integer not null, primary key (ID))
create table STUDENT (ID integer generated by default as identity (start with 1), NAME varchar(255), PASSWORD varchar(255), primary key (ID))
alter table GROUPS add constraint FKhwpnlde9iramd18mdsng66n76 foreign key (COURSE) references COURSES
DISCONNECT
